<?xml version="1.0" encoding="UTF-8"?>
<!-- Generated by org.testng.reporters.JUnitReportReporter -->
<testsuite hostname="aham" failures="0" tests="1" name="Testing.DiffrentName" time="3.949" errors="0" timestamp="2024-12-14T23:37:07 IST" skipped="0">
  <testcase classname="Testing.DiffrentName" name="name" time="3.949"/>
  <system-out/>
</testsuite> <!-- Testing.DiffrentName -->
